<?xml version="1.0" encoding="UTF-8"?>
<!-- Generated by org.testng.reporters.JUnitXMLReporter -->
<testsuite hostname="Hiran" failures="0" tests="6" name="REGRESSION TEST SPRINT 1" time="20.78" errors="0" timestamp="22 Aug 2024 06:00:01 GMT">
  <testcase classname="sprint1.testcase.TC1_OpenBrowser" name="OpenBrowser" time="0.001"/>
  <testcase classname="sprint1.testcase.TC2_Login" name="TC2_Login" time="0.217"/>
  <testcase classname="sprint1.testcase.TC2_Login" name="TC2_Login_UserName" time="0.23"/>
  <testcase classname="sprint1.testcase.TC2_Login" name="TC2_Login_Constants" time="0.289"/>
  <testcase classname="sprint1.testcase.TC4_Login_Negative" name="TC4_Login" time="0.19"/>
  <testcase classname="sprint1.testcase.TC5_Buy_BackPack" name="TC5_Buy_BackPack" time="0.865"/>
</testsuite> <!-- REGRESSION TEST SPRINT 1 -->
